{
  "RSpec": {
    "coverage": {
      "/Users/cpcwood/OneDrive/Documents/Coding/Projects/battle/spec/app_spec.rb": [
        1
      ],
      "/Users/cpcwood/OneDrive/Documents/Coding/Projects/battle/spec/features/app_feature_spec.rb": [
        null,
        1,
        1,
        1,
        1,
        null,
        null,
        null
      ],
      "/Users/cpcwood/OneDrive/Documents/Coding/Projects/battle/spec/features/attack_feature_spec.rb": [
        1,
        1,
        1,
        1,
        1,
        null,
        null
      ],
      "/Users/cpcwood/OneDrive/Documents/Coding/Projects/battle/spec/features/game_over_spec.rb": [
        1,
        1,
        1,
        12,
        1,
        null,
        1,
        1,
        12,
        1,
        null,
        null
      ],
      "/Users/cpcwood/OneDrive/Documents/Coding/Projects/battle/spec/features/players_feature_spec.rb": [
        null,
        1,
        1,
        1,
        1,
        1,
        null,
        null,
        null,
        1,
        1,
        1,
        1,
        null,
        null
      ],
      "/Users/cpcwood/OneDrive/Documents/Coding/Projects/battle/spec/features/switching_turns_spec.rb": [
        1,
        1,
        1,
        1,
        null,
        1,
        1,
        1,
        1,
        null,
        null
      ],
      "/Users/cpcwood/OneDrive/Documents/Coding/Projects/battle/spec/unit/game_spec.rb": [
        1,
        null,
        1,
        null,
        6,
        6,
        6,
        null,
        1,
        1,
        1,
        null,
        null,
        1,
        1,
        1,
        1,
        null,
        1,
        1,
        1,
        1,
        null,
        null,
        1,
        1,
        1,
        1,
        null,
        null,
        1,
        1,
        1,
        null,
        null,
        null
      ],
      "/Users/cpcwood/OneDrive/Documents/Coding/Projects/battle/spec/unit/player_spec.rb": [
        1,
        null,
        1,
        1,
        1,
        1,
        1,
        null,
        null,
        null,
        1,
        1,
        1,
        1,
        null,
        null,
        null,
        1,
        1,
        1,
        1,
        null,
        null,
        null
      ]
    },
    "timestamp": 1578589696
  }
}
